\BOOKMARK [1][-]{section.1}{Introduction}{}% 1
\BOOKMARK [2][-]{subsection.1.1}{Prelim}{section.1}% 2
\BOOKMARK [2][-]{subsection.1.2}{Dynamics, Modelling and Computation}{section.1}% 3
\BOOKMARK [3][-]{subsubsection.1.2.1}{Modelling}{subsection.1.2}% 4
\BOOKMARK [3][-]{subsubsection.1.2.2}{Dynamics}{subsection.1.2}% 5
\BOOKMARK [3][-]{subsubsection.1.2.3}{Computation}{subsection.1.2}% 6
\BOOKMARK [3][-]{subsubsection.1.2.4}{Analysis}{subsection.1.2}% 7
\BOOKMARK [1][-]{section.2}{One-Dimensional autonomous ODE models}{}% 8
\BOOKMARK [2][-]{subsection.2.1}{Autonomous Scalar Equations}{section.2}% 9
\BOOKMARK [2][-]{subsection.2.2}{Fixed Points, phase line analysis, and stability criteria}{section.2}% 10
\BOOKMARK [3][-]{subsubsection.2.2.1}{Fixed Point}{subsection.2.2}% 11
\BOOKMARK [3][-]{subsubsection.2.2.2}{Phase Line Analysis}{subsection.2.2}% 12
\BOOKMARK [3][-]{subsubsection.2.2.3}{Stability}{subsection.2.2}% 13
\BOOKMARK [2][-]{subsection.2.3}{Non Dimensionalisation}{section.2}% 14
\BOOKMARK [2][-]{subsection.2.4}{Bifurcations}{section.2}% 15
\BOOKMARK [2][-]{subsection.2.5}{Transcritical Bifurcation}{section.2}% 16
\BOOKMARK [2][-]{subsection.2.6}{Pitchfork Bifurcations}{section.2}% 17
\BOOKMARK [3][-]{subsubsection.2.6.1}{Supercritical Pitchfork Bifurcations}{subsection.2.6}% 18
\BOOKMARK [3][-]{subsubsection.2.6.2}{Subcritical Pitchfork Bifurcations}{subsection.2.6}% 19
\BOOKMARK [1][-]{section.3}{2D Autonomous Systems}{}% 20
\BOOKMARK [2][-]{subsection.3.1}{Qualitative Analysis of 2D Systems}{section.3}% 21
\BOOKMARK [2][-]{subsection.3.2}{Linear Systems}{section.3}% 22
\BOOKMARK [3][-]{subsubsection.3.2.1}{Real Eigenvalues}{subsection.3.2}% 23
\BOOKMARK [3][-]{subsubsection.3.2.2}{Complex Eigenvalues}{subsection.3.2}% 24
\BOOKMARK [3][-]{subsubsection.3.2.3}{General Linear system}{subsection.3.2}% 25
\BOOKMARK [3][-]{subsubsection.3.2.4}{Asymptotic Stability}{subsection.3.2}% 26
\BOOKMARK [2][-]{subsection.3.3}{Non-linear Systems and Linearisation}{section.3}% 27
\BOOKMARK [3][-]{subsubsection.3.3.1}{General non-linear system}{subsection.3.3}% 28
\BOOKMARK [3][-]{subsubsection.3.3.2}{Linearisation}{subsection.3.3}% 29
\BOOKMARK [2][-]{subsection.3.4}{Application to models}{section.3}% 30
\BOOKMARK [3][-]{subsubsection.3.4.1}{Interaction model for 2 populations}{subsection.3.4}% 31
\BOOKMARK [3][-]{subsubsection.3.4.2}{Lutka-Voltera predator-prey model:}{subsection.3.4}% 32
\BOOKMARK [3][-]{subsubsection.3.4.3}{Mutualism model}{subsection.3.4}% 33
\BOOKMARK [3][-]{subsubsection.3.4.4}{Competition model}{subsection.3.4}% 34
\BOOKMARK [2][-]{subsection.3.5}{The Kermack-McKendrick epidemic model}{section.3}% 35
\BOOKMARK [2][-]{subsection.3.6}{Big Recap}{section.3}% 36
\BOOKMARK [2][-]{subsection.3.7}{Limit Cycles}{section.3}% 37
\BOOKMARK [2][-]{subsection.3.8}{Bifurcations in 2D systems}{section.3}% 38
\BOOKMARK [3][-]{subsubsection.3.8.1}{Saddle-node, transcritical and pitchfork bifurcations}{subsection.3.8}% 39
\BOOKMARK [3][-]{subsubsection.3.8.2}{Hopf Bifurcation}{subsection.3.8}% 40
\BOOKMARK [1][-]{section.4}{Numerics!}{}% 41
\BOOKMARK [2][-]{subsection.4.1}{Existence and Uniqueness}{section.4}% 42
\BOOKMARK [3][-]{subsubsection.4.1.1}{Well and Ill posed Problems}{subsection.4.1}% 43
\BOOKMARK [2][-]{subsection.4.2}{Existence and Uniqueness Theorem}{section.4}% 44
\BOOKMARK [2][-]{subsection.4.3}{Picard Iteration}{section.4}% 45
